<?xml version="1.0" encoding="UTF-8" ?>
<testsuite tests="4" failures="0" name="com.biz.lesson.dao.student.StudentRepositoryTest" time="18.685" errors="1" skipped="0">
  <properties>
[...]
</properties>
  <testcase classname="com.biz.lesson.dao.student.StudentRepositoryTest" name="testchange" time="12.125"/>
  <testcase classname="com.biz.lesson.dao.student.StudentRepositoryTest" name="testdel" time="2.358">
    <error message="No class com.biz.lesson.model.student.Student entity with id 1233310 exists!" type="org.springframework.dao.EmptyResultDataAccessException">org.springframework.dao.EmptyResultDataAccessException: No class com.biz.lesson.model.student.Student entity with id 1233310 exists!
	at org.springframework.data.jpa.repository.support.SimpleJpaRepository.delete(SimpleJpaRepository.java:152)
	at sun.reflect.NativeMethodAccessorImpl.invoke0(Native Method)
	at sun.reflect.NativeMethodAccessorImpl.invoke(NativeMethodAccessorImpl.java:62)
	at sun.reflect.DelegatingMethodAccessorImpl.invoke(DelegatingMethodAccessorImpl.java:43)
	at java.lang.reflect.Method.invoke(Method.java:498)
	at org.springframework.data.repository.core.support.RepositoryFactorySupport$QueryExecutorMethodInterceptor.executeMethodOn(RepositoryFactorySupport.java:503)
	at org.springframework.data.repository.core.support.RepositoryFactorySupport$QueryExecutorMethodInterceptor.doInvoke(RepositoryFactorySupport.java:488)
	at org.springframework.data.repository.core.support.RepositoryFactorySupport$QueryExecutorMethodInterceptor.invoke(RepositoryFactorySupport.java:460)
	at org.springframework.aop.framework.ReflectiveMethodInvocation.proceed(ReflectiveMethodInvocation.java:179)
	at org.springframework.data.projection.DefaultMethodInvokingMethodInterceptor.invoke(DefaultMethodInvokingMethodInterceptor.java:61)
	at org.springframework.aop.framework.ReflectiveMethodInvocation.proceed(ReflectiveMethodInvocation.java:179)
	at org.springframework.transaction.interceptor.TransactionInterceptor$1.proceedWithInvocation(TransactionInterceptor.java:99)
	at org.springframework.transaction.interceptor.TransactionAspectSupport.invokeWithinTransaction(TransactionAspectSupport.java:281)
	at org.springframework.transaction.interceptor.TransactionInterceptor.invoke(TransactionInterceptor.java:96)
	at org.springframework.aop.framework.ReflectiveMethodInvocation.proceed(ReflectiveMethodInvocation.java:179)
	at org.springframework.dao.support.PersistenceExceptionTranslationInterceptor.invoke(PersistenceExceptionTranslationInterceptor.java:136)
	at org.springframework.aop.framework.ReflectiveMethodInvocation.proceed(ReflectiveMethodInvocation.java:179)
	at org.springframework.data.jpa.repository.support.CrudMethodMetadataPostProcessor$CrudMethodMetadataPopulatingMethodInterceptor.invoke(CrudMethodMetadataPostProcessor.java:133)
	at org.springframework.aop.framework.ReflectiveMethodInvocation.proceed(ReflectiveMethodInvocation.java:179)
	at org.springframework.aop.interceptor.ExposeInvocationInterceptor.invoke(ExposeInvocationInterceptor.java:92)
	at org.springframework.aop.framework.ReflectiveMethodInvocation.proceed(ReflectiveMethodInvocation.java:179)
	at org.springframework.aop.framework.JdkDynamicAopProxy.invoke(JdkDynamicAopProxy.java:208)
	at com.sun.proxy.$Proxy78.delete(Unknown Source)
	at com.biz.lesson.dao.student.StudentRepositoryTest.testdel(StudentRepositoryTest.java:60)
	at sun.reflect.NativeMethodAccessorImpl.invoke0(Native Method)
	at sun.reflect.NativeMethodAccessorImpl.invoke(NativeMethodAccessorImpl.java:62)
	at sun.reflect.DelegatingMethodAccessorImpl.invoke(DelegatingMethodAccessorImpl.java:43)
	at java.lang.reflect.Method.invoke(Method.java:498)
	at org.junit.runners.model.FrameworkMethod$1.runReflectiveCall(FrameworkMethod.java:50)
	at org.junit.internal.runners.model.ReflectiveCallable.run(ReflectiveCallable.java:12)
	at org.junit.runners.model.FrameworkMethod.invokeExplosively(FrameworkMethod.java:47)
	at org.junit.internal.runners.statements.InvokeMethod.evaluate(InvokeMethod.java:17)
	at org.junit.internal.runners.statements.RunBefores.evaluate(RunBefores.java:26)
	at org.junit.internal.runners.statements.RunAfters.evaluate(RunAfters.java:27)
	at org.junit.runners.ParentRunner.runLeaf(ParentRunner.java:325)
	at org.junit.runners.BlockJUnit4ClassRunner.runChild(BlockJUnit4ClassRunner.java:78)
	at org.junit.runners.BlockJUnit4ClassRunner.runChild(BlockJUnit4ClassRunner.java:57)
	at org.junit.runners.ParentRunner$3.run(ParentRunner.java:290)
	at org.junit.runners.ParentRunner$1.schedule(ParentRunner.java:71)
	at org.junit.runners.ParentRunner.runChildren(ParentRunner.java:288)
	at org.junit.runners.ParentRunner.access$000(ParentRunner.java:58)
	at org.junit.runners.ParentRunner$2.evaluate(ParentRunner.java:268)
	at org.junit.runners.ParentRunner.run(ParentRunner.java:363)
	at org.apache.maven.surefire.junit4.JUnit4Provider.execute(JUnit4Provider.java:252)
	at org.apache.maven.surefire.junit4.JUnit4Provider.executeTestSet(JUnit4Provider.java:141)
	at org.apache.maven.surefire.junit4.JUnit4Provider.invoke(JUnit4Provider.java:112)
	at sun.reflect.NativeMethodAccessorImpl.invoke0(Native Method)
	at sun.reflect.NativeMethodAccessorImpl.invoke(NativeMethodAccessorImpl.java:62)
	at sun.reflect.DelegatingMethodAccessorImpl.invoke(DelegatingMethodAccessorImpl.java:43)
	at java.lang.reflect.Method.invoke(Method.java:498)
	at org.apache.maven.surefire.util.ReflectionUtils.invokeMethodWithArray(ReflectionUtils.java:189)
	at org.apache.maven.surefire.booter.ProviderFactory$ProviderProxy.invoke(ProviderFactory.java:165)
	at org.apache.maven.surefire.booter.ProviderFactory.invokeProvider(ProviderFactory.java:85)
	at org.apache.maven.surefire.booter.ForkedBooter.runSuitesInProcess(ForkedBooter.java:115)
	at org.apache.maven.surefire.booter.ForkedBooter.main(ForkedBooter.java:75)
</error>
    <system-out>07-31 17:52:11 [INFO ] AbstractApplicationContext:581 - Refreshing org.springframework.context.support.ClassPathXmlApplicationContext@798cf6d2: startup date [Tue Jul 31 17:52:11 CST 2018]; root of context hierarchy
07-31 17:52:11 [INFO ] XmlBeanDefinitionReader:317 - Loading XML bean definitions from class path resource [application-content.xml]
07-31 17:52:12 [INFO ] XmlBeanDefinitionReader:317 - Loading XML bean definitions from class path resource [application-datasource.xml]
07-31 17:52:12 [INFO ] XmlBeanDefinitionReader:317 - Loading XML bean definitions from class path resource [application-security.xml]
07-31 17:52:12 [INFO ] SecurityNamespaceHandler:75 - Spring Security &apos;config&apos; module version is 3.2.5.RELEASE
07-31 17:52:12 [INFO ] GlobalMethodSecurityBeanDefinitionParser:182 - Expressions were enabled for method security but no SecurityExpressionHandler was configured. All hasPermision() expressions will evaluate to false.
07-31 17:52:12 [INFO ] FilterInvocationSecurityMetadataSourceParser:134 - Creating access control expression attribute &apos;permitAll&apos; for /favicon.ico
07-31 17:52:12 [INFO ] FilterInvocationSecurityMetadataSourceParser:134 - Creating access control expression attribute &apos;permitAll&apos; for /manifest*
07-31 17:52:12 [INFO ] FilterInvocationSecurityMetadataSourceParser:134 - Creating access control expression attribute &apos;permitAll&apos; for /login.do
07-31 17:52:12 [INFO ] FilterInvocationSecurityMetadataSourceParser:134 - Creating access control expression attribute &apos;permitAll&apos; for /msg.do
07-31 17:52:12 [INFO ] FilterInvocationSecurityMetadataSourceParser:134 - Creating access control expression attribute &apos;permitAll&apos; for /static-resources/**
07-31 17:52:12 [INFO ] FilterInvocationSecurityMetadataSourceParser:134 - Creating access control expression attribute &apos;permitAll&apos; for /captcha.do
07-31 17:52:12 [INFO ] FilterInvocationSecurityMetadataSourceParser:134 - Creating access control expression attribute &apos;permitAll&apos; for /captcha/validate.do
07-31 17:52:12 [INFO ] FilterInvocationSecurityMetadataSourceParser:134 - Creating access control expression attribute &apos;permitAll&apos; for /email/**
07-31 17:52:12 [INFO ] FilterInvocationSecurityMetadataSourceParser:134 - Creating access control expression attribute &apos;permitAll&apos; for /doc/**
07-31 17:52:12 [INFO ] FilterInvocationSecurityMetadataSourceParser:134 - Creating access control expression attribute &apos;permitAll&apos; for /single/**
07-31 17:52:12 [INFO ] FilterInvocationSecurityMetadataSourceParser:134 - Creating access control expression attribute &apos;permitAll&apos; for /service/**
07-31 17:52:12 [INFO ] FilterInvocationSecurityMetadataSourceParser:134 - Creating access control expression attribute &apos;permitAll&apos; for /oss/**
07-31 17:52:12 [INFO ] FilterInvocationSecurityMetadataSourceParser:134 - Creating access control expression attribute &apos;isAuthenticated()&apos; for /**
07-31 17:52:12 [INFO ] HttpSecurityBeanDefinitionParser:266 - Checking sorted filter chain: [Root bean: class [org.springframework.security.web.context.SecurityContextPersistenceFilter]; scope=; abstract=false; lazyInit=false; autowireMode=0; dependencyCheck=0; autowireCandidate=true; primary=false; factoryBeanName=null; factoryMethodName=null; initMethodName=null; destroyMethodName=null, order = 200, Root bean: class [org.springframework.security.web.context.request.async.WebAsyncManagerIntegrationFilter]; scope=; abstract=false; lazyInit=false; autowireMode=0; dependencyCheck=0; autowireCandidate=true; primary=false; factoryBeanName=null; factoryMethodName=null; initMethodName=null; destroyMethodName=null, order = 400, Root bean: class [org.springframework.security.web.authentication.logout.LogoutFilter]; scope=; abstract=false; lazyInit=false; autowireMode=0; dependencyCheck=0; autowireCandidate=true; primary=false; factoryBeanName=null; factoryMethodName=null; initMethodName=null; destroyMethodName=null, order = 700, &lt;org.springframework.security.web.authentication.UsernamePasswordAuthenticationFilter#0&gt;, order = 1100, Root bean: class [org.springframework.security.web.savedrequest.RequestCacheAwareFilter]; scope=; abstract=false; lazyInit=false; autowireMode=0; dependencyCheck=0; autowireCandidate=true; primary=false; factoryBeanName=null; factoryMethodName=null; initMethodName=null; destroyMethodName=null, order = 1600, Root bean: class [org.springframework.security.web.servletapi.SecurityContextHolderAwareRequestFilter]; scope=; abstract=false; lazyInit=false; autowireMode=0; dependencyCheck=0; autowireCandidate=true; primary=false; factoryBeanName=null; factoryMethodName=null; initMethodName=null; destroyMethodName=null, order = 1700, Root bean: class [org.springframework.security.web.authentication.AnonymousAuthenticationFilter]; scope=; abstract=false; lazyInit=false; autowireMode=0; dependencyCheck=0; autowireCandidate=true; primary=false; factoryBeanName=null; factoryMethodName=null; initMethodName=null; destroyMethodName=null, order = 2000, Root bean: class [org.springframework.security.web.session.SessionManagementFilter]; scope=; abstract=false; lazyInit=false; autowireMode=0; dependencyCheck=0; autowireCandidate=true; primary=false; factoryBeanName=null; factoryMethodName=null; initMethodName=null; destroyMethodName=null, order = 2100, Root bean: class [org.springframework.security.web.access.ExceptionTranslationFilter]; scope=; abstract=false; lazyInit=false; autowireMode=0; dependencyCheck=0; autowireCandidate=true; primary=false; factoryBeanName=null; factoryMethodName=null; initMethodName=null; destroyMethodName=null, order = 2200, &lt;org.springframework.security.web.access.intercept.FilterSecurityInterceptor#0&gt;, order = 2300]
07-31 17:52:12 [INFO ] PropertiesLoaderSupport:172 - Loading properties file from class path resource [datasource.properties]
07-31 17:52:12 [INFO ] ExecutorConfigurationSupport:165 - Initializing ExecutorService  &apos;qbScheduler&apos;
07-31 17:52:12 [INFO ] PostProcessorRegistrationDelegate$BeanPostProcessorChecker:328 - Bean &apos;qbScheduler&apos; of type [class org.springframework.scheduling.concurrent.ThreadPoolTaskScheduler] is not eligible for getting processed by all BeanPostProcessors (for example: not eligible for auto-proxying)
07-31 17:52:12 [INFO ] LocalContainerEntityManagerFactoryBean:336 - Building JPA container EntityManagerFactory for persistence unit &apos;lesson&apos;
07-31 17:52:12 [INFO ] LogHelper:46 - HHH000204: Processing PersistenceUnitInfo [
	name: lesson
	...]
07-31 17:52:12 [WARN ] EntityManagerFactoryBuilderImpl:906 - HHH000059: Defining hibernate.transaction.flush_before_completion=true ignored in HEM
07-31 17:52:12 [INFO ] Dialect:145 - HHH000400: Using dialect: org.hibernate.dialect.MySQL5Dialect
07-31 17:52:12 [INFO ] ASTQueryTranslatorFactory:47 - HHH000397: Using ASTQueryTranslatorFactory
07-31 17:52:13 [INFO ] SchemaUpdate:207 - HHH000228: Running hbm2ddl schema update
07-31 17:52:13 [INFO ] SchemaUpdate:218 - HHH000102: Fetching database metadata
07-31 17:52:13 [INFO ] SchemaUpdate:230 - HHH000396: Updating schema
07-31 17:52:13 [INFO ] TableMetadata:65 - HHH000261: Table found: lesson6.course
07-31 17:52:13 [INFO ] TableMetadata:66 - HHH000037: Columns: [stu_id, sub_id, id, mark]
07-31 17:52:13 [INFO ] TableMetadata:68 - HHH000108: Foreign keys: []
07-31 17:52:13 [INFO ] TableMetadata:69 - HHH000126: Indexes: [primary]
07-31 17:52:13 [INFO ] TableMetadata:65 - HHH000261: Table found: lesson6.grade
07-31 17:52:13 [INFO ] TableMetadata:66 - HHH000037: Columns: [name, id]
07-31 17:52:13 [INFO ] TableMetadata:68 - HHH000108: Foreign keys: []
07-31 17:52:13 [INFO ] TableMetadata:69 - HHH000126: Indexes: [primary]
07-31 17:52:13 [INFO ] TableMetadata:65 - HHH000261: Table found: lesson6.student
07-31 17:52:13 [INFO ] TableMetadata:66 - HHH000037: Columns: [birthday, gender, name, description, id, cmd]
07-31 17:52:13 [INFO ] TableMetadata:68 - HHH000108: Foreign keys: []
07-31 17:52:13 [INFO ] TableMetadata:69 - HHH000126: Indexes: [primary]
07-31 17:52:13 [INFO ] TableMetadata:65 - HHH000261: Table found: lesson6.subject
07-31 17:52:13 [INFO ] TableMetadata:66 - HHH000037: Columns: [name, id]
07-31 17:52:13 [INFO ] TableMetadata:68 - HHH000108: Foreign keys: []
07-31 17:52:13 [INFO ] TableMetadata:69 - HHH000126: Indexes: [primary]
07-31 17:52:13 [INFO ] TableMetadata:65 - HHH000261: Table found: lesson6.sys_system_property
07-31 17:52:13 [INFO ] TableMetadata:66 - HHH000037: Columns: [editable, name, description, id, value]
07-31 17:52:13 [INFO ] TableMetadata:68 - HHH000108: Foreign keys: []
07-31 17:52:13 [INFO ] TableMetadata:69 - HHH000126: Indexes: [primary]
07-31 17:52:13 [INFO ] TableMetadata:65 - HHH000261: Table found: lesson6.usr_accesslog
07-31 17:52:13 [INFO ] TableMetadata:66 - HHH000037: Columns: [requestparams, http_method, id, uri, user, timestamp]
07-31 17:52:13 [INFO ] TableMetadata:68 - HHH000108: Foreign keys: []
07-31 17:52:13 [INFO ] TableMetadata:69 - HHH000126: Indexes: [primary]
07-31 17:52:13 [INFO ] TableMetadata:65 - HHH000261: Table found: lesson6.usr_loginlog
07-31 17:52:13 [INFO ] TableMetadata:66 - HHH000037: Columns: [actiontype, companyid, logintime, logouttime, loginip, id, user_userid]
07-31 17:52:13 [INFO ] TableMetadata:68 - HHH000108: Foreign keys: [fk_gtnt7pxyoqta8427qagp76tac]
07-31 17:52:13 [INFO ] TableMetadata:69 - HHH000126: Indexes: [fk_gtnt7pxyoqta8427qagp76tac, primary]
07-31 17:52:13 [INFO ] TableMetadata:65 - HHH000261: Table found: lesson6.usr_mainmenu
07-31 17:52:13 [INFO ] TableMetadata:66 - HHH000037: Columns: [code, companytype, icon, name, description, id, nameen]
07-31 17:52:13 [INFO ] TableMetadata:68 - HHH000108: Foreign keys: []
07-31 17:52:13 [INFO ] TableMetadata:69 - HHH000126: Indexes: [primary]
07-31 17:52:13 [INFO ] TableMetadata:65 - HHH000261: Table found: lesson6.usr_menuitem
07-31 17:52:13 [INFO ] TableMetadata:66 - HHH000037: Columns: [symbol, code, icon, link, name, description, id, mainmenu_id, name_en]
07-31 17:52:13 [INFO ] TableMetadata:68 - HHH000108: Foreign keys: [fk_20qiyqum570r2hwb99g9adk1r]
07-31 17:52:13 [INFO ] TableMetadata:69 - HHH000126: Indexes: [fk_20qiyqum570r2hwb99g9adk1r, primary]
07-31 17:52:13 [INFO ] TableMetadata:65 - HHH000261: Table found: lesson6.usr_resource
07-31 17:52:13 [INFO ] TableMetadata:66 - HHH000037: Columns: [symbol, menuitem_id, name, description, id, nameen]
07-31 17:52:13 [INFO ] TableMetadata:68 - HHH000108: Foreign keys: [fk_ikhivuvuv4gxv4q3xvsks62ry]
07-31 17:52:13 [INFO ] TableMetadata:69 - HHH000126: Indexes: [fk_ikhivuvuv4gxv4q3xvsks62ry, primary]
07-31 17:52:13 [INFO ] TableMetadata:65 - HHH000261: Table found: lesson6.usr_role
07-31 17:52:13 [INFO ] TableMetadata:66 - HHH000037: Columns: [name, description, id, nameen]
07-31 17:52:13 [INFO ] TableMetadata:68 - HHH000108: Foreign keys: []
07-31 17:52:13 [INFO ] TableMetadata:69 - HHH000126: Indexes: [primary]
07-31 17:52:13 [INFO ] TableMetadata:65 - HHH000261: Table found: lesson6.usr_role_menuitem
07-31 17:52:13 [INFO ] TableMetadata:66 - HHH000037: Columns: [role_id, menuitem_id]
07-31 17:52:13 [INFO ] TableMetadata:68 - HHH000108: Foreign keys: [fk_6ny6jr7f4sqvpqyha7r0qpodd, fk_aoywxcumiyv208eb7qq6qncwo]
07-31 17:52:13 [INFO ] TableMetadata:69 - HHH000126: Indexes: [uk_cuxhw9wdci2flwqfu9v96uh1g, fk_6ny6jr7f4sqvpqyha7r0qpodd]
07-31 17:52:13 [INFO ] TableMetadata:65 - HHH000261: Table found: lesson6.usr_role_resource
07-31 17:52:13 [INFO ] TableMetadata:66 - HHH000037: Columns: [role_id, resource_id]
07-31 17:52:13 [INFO ] TableMetadata:68 - HHH000108: Foreign keys: [fk_1ljp0b1v36v3qta75xr6morws, fk_qhttqis7u509s1nhqv6r529nj]
07-31 17:52:13 [INFO ] TableMetadata:69 - HHH000126: Indexes: [uk_e5m272lqtbtff1nxru1wtakqr, fk_qhttqis7u509s1nhqv6r529nj]
07-31 17:52:13 [INFO ] TableMetadata:65 - HHH000261: Table found: lesson6.usr_user
07-31 17:52:13 [INFO ] TableMetadata:66 - HHH000037: Columns: [address, gender, mobile, postcode, skin, createdate, usertype, nameen, userid, permitip, createby, password, servicetype, emailpassword, navbar, sidebar, name, logo, tel, fax, smtpserver, email, status]
07-31 17:52:13 [INFO ] TableMetadata:68 - HHH000108: Foreign keys: []
07-31 17:52:13 [INFO ] TableMetadata:69 - HHH000126: Indexes: [primary]
07-31 17:52:13 [INFO ] TableMetadata:65 - HHH000261: Table found: lesson6.usr_user_role
07-31 17:52:13 [INFO ] TableMetadata:66 - HHH000037: Columns: [roleid, userid]
07-31 17:52:13 [INFO ] TableMetadata:68 - HHH000108: Foreign keys: [fk_cbihfu68qp1ibycuhod1axebl, fk_pd3oupphgg6pny8ggs7y489oo]
07-31 17:52:13 [INFO ] TableMetadata:69 - HHH000126: Indexes: [uk_jy2qy9b129w4t9d8uu4m4b62p, fk_cbihfu68qp1ibycuhod1axebl]
07-31 17:52:13 [INFO ] SchemaUpdate:267 - HHH000232: Schema update complete
07-31 17:52:13 [WARN ] EntityManagerFactoryRegistry:80 - HHH000436: Entity manager factory name (lesson) is already registered.  If entity manager will be clustered or passivated, specify a unique value for property &apos;hibernate.ejb.entitymanager_factory_name&apos;
Hibernate: select count(*) as col_0_0_ from usr_user user0_
07-31 17:52:13 [DEBUG] SimpleTimerDataLoader$1:60 - Create a new thread for AccessLogDumper
07-31 17:52:13 [INFO ] DefaultSecurityFilterChain:28 - Creating filter chain: org.springframework.security.web.util.matcher.AnyRequestMatcher@1, [org.springframework.security.web.context.SecurityContextPersistenceFilter@283e1759, org.springframework.security.web.context.request.async.WebAsyncManagerIntegrationFilter@2acb1264, org.springframework.security.web.authentication.logout.LogoutFilter@30a01dd8, org.springframework.security.web.authentication.UsernamePasswordAuthenticationFilter@1f68e4e8, org.springframework.security.web.savedrequest.RequestCacheAwareFilter@47b4ac83, org.springframework.security.web.servletapi.SecurityContextHolderAwareRequestFilter@351ede23, org.springframework.security.web.authentication.AnonymousAuthenticationFilter@5604b85, org.springframework.security.web.session.SessionManagementFilter@5df7a065, org.springframework.security.web.access.ExceptionTranslationFilter@3f45dfec, org.springframework.security.web.access.intercept.FilterSecurityInterceptor@7c69e1e1]
07-31 17:52:13 [INFO ] DefaultFilterChainValidator:124 - Checking whether login URL &apos;/login.do&apos; is accessible with your configuration
setup
Hibernate: select student0_.id as id1_2_0_, student0_.birthday as birthday2_2_0_, student0_.cmd as cmd3_2_0_, student0_.description as descript4_2_0_, student0_.gender as gender5_2_0_, student0_.name as name6_2_0_ from student student0_ where student0_.id=?
tearDown
</system-out>
  </testcase>
  <testcase classname="com.biz.lesson.dao.student.StudentRepositoryTest" name="testFind" time="2.214"/>
  <testcase classname="com.biz.lesson.dao.student.StudentRepositoryTest" name="testSave" time="1.988"/>
</testsuite>